
Deleted - Post ID 3782 - nav_menu_item - Shoping Details
Deleted - Post ID 3783 - nav_menu_item - Offer Coupons
Deleted - Post ID 3784 - nav_menu_item - Terms &#038; Conditions
Deleted - Post ID 4345 -  - 
Deleted - Post ID 4346 -  - 
Deleted - Post ID 3673 - product - Kidney Beans Organic
Deleted - Post ID 3674 - product - Wheat From Organic Farms
Deleted - Post ID 3675 - product - Assorted Coffee
Deleted - Post ID 3676 - product - Natural Extracted Olive Oil
Deleted - Post ID 3677 - product - Fresh Organic Honey
Deleted - Post ID 3678 - product - Farm Fresh Eggs
Deleted - Post ID 3679 - product - Hand Sanitizer
Deleted - Post ID 3680 - product - Fresh Orange Juice
Deleted - Post ID 3681 - product - Pulses From Organic Farm
Deleted - Post ID 3682 - product - Handpicked Red Chillies
Deleted - Post ID 3907 - wp_block - Site Footer
Deleted - Post ID 4132 - wp_global_styles - Custom Styles
Deleted - Post ID 4486 - attachment - default.png
Deleted - Post ID 4489 - attachment - product11-free-img-230&#215;300.jpg
Deleted - Post ID 4490 - attachment - product13-free-img-230&#215;300.jpg
Deleted - Post ID 4491 - attachment - product17-free-img-230&#215;300.jpg
Inserted WP Form 4502
Deleted customizer Settings {"theme-auto-version":"3.9.4","is_theme_queue_running":false}
Deleted - Site Options {"woocommerce_product_attributes":[],"woocommerce_product_cat_list":{"34":{"term_id":34,"name":"Uncategorized","slug":"uncategorized","description":""},"36":{"term_id":36,"name":"Groceries","slug":"groceries","description":""},"37":{"term_id":37,"name":"Juice","slug":"juice","description":""}},"woocommerce_product_cat":[{"slug":"uncategorized","thumbnail_id":"","thumbnail_src":""},{"slug":"groceries","thumbnail_id":"","thumbnail_src":""},{"slug":"juice","thumbnail_id":"","thumbnail_src":""}],"custom_logo":"https:\/\/websitedemos.net\/organic-shop-08\/wp-content\/uploads\/sites\/678\/2019\/06\/organic-store-logo5.svg","nav_menu_locations":{"primary":"primary-menu","secondary_menu":"secondary-menu"},"show_on_front":"page","page_on_front":"Home","page_for_posts":"","_fl_builder_enabled_icons":null,"_fl_builder_enabled_modules":null,"_fl_builder_post_types":null,"_fl_builder_color_presets":null,"_fl_builder_services":null,"_fl_builder_settings":null,"_fl_builder_user_access":null,"_fl_builder_enabled_templates":null,"elementor_container_width":null,"elementor_cpt_support":null,"elementor_css_print_method":null,"elementor_default_generic_fonts":null,"elementor_disable_color_schemes":null,"elementor_disable_typography_schemes":null,"elementor_editor_break_lines":null,"elementor_exclude_user_roles":null,"elementor_global_image_lightbox":null,"elementor_page_title_selector":null,"elementor_scheme_color":null,"elementor_scheme_color-picker]":null,"elementor_scheme_typography":null,"elementor_space_between_widgets":null,"elementor_stretched_section_container":null,"elementor_load_fa4_shim":null,"elementor_active_kit":null,"woocommerce_shop_page_title":"Shop","woocommerce_cart_page_title":"Cart","woocommerce_checkout_page_title":"Checkout","woocommerce_myaccount_page_title":"My account","woocommerce_edit_address_page_title":"","woocommerce_view_order_page_title":"","woocommerce_change_password_page_title":"","woocommerce_logout_page_title":"","woocommerce_enable_guest_checkout":"yes","woocommerce_enable_checkout_login_reminder":"no","woocommerce_enable_signup_and_login_from_checkout":"no","woocommerce_enable_myaccount_registration":"no","woocommerce_registration_generate_username":"no","edd_settings":null,"wpforms_settings":null,"learndash_settings_theme_ld30":null,"learndash_settings_courses_themes":null,"astra-color-palettes":{"currentPalette":"palette_1","palettes":{"palette_1":["#8bc34a","#7baf42","#111111","#333333","#f8f6f3","#ffffff","#001524","#424242","#000000"],"palette_2":["#0274be","#3a3a3a","#3a3a3a","#4B4F58","#ffffff","#3a3a3a","#F2F5F7","#f9f9f9","#f9f9f9"],"palette_3":["#0274be","#3a3a3a","#3a3a3a","#4B4F58","#ffffff","#3a3a3a","#F2F5F7","#f9f9f9","#f9f9f9"]},"flag":true},"astra-typography-presets":""}
DELETED - WIDGETS ["block-2","block-3","block-4","block-5","block-6","search-1","recent-posts-1","recent-comments-1","archives-1","categories-2","meta-1","text-2","text-3","nav_menu-1","nav_menu-2","block-7","block-8","block-9","block-10","block-11"]
DELETED - WIDGET block-2
DELETED - WIDGET block-3
DELETED - WIDGET block-4
DELETED - WIDGET block-5
DELETED - WIDGET block-6
DELETED - WIDGET search-1
DELETED - WIDGET recent-posts-1
DELETED - WIDGET recent-comments-1
DELETED - WIDGET archives-1
DELETED - WIDGET categories-2
DELETED - WIDGET meta-1
DELETED - WIDGET text-2
DELETED - WIDGET text-3
DELETED - WIDGET nav_menu-1
DELETED - WIDGET nav_menu-2
DELETED - WIDGET block-7
DELETED - WIDGET block-8
DELETED - WIDGET block-9
DELETED - WIDGET block-10
DELETED - WIDGET block-11
Deleted - Form ID 4502 - wpforms - Simple Contact Form
Inserted WP Form 4504